<?xml version="1.0" encoding="UTF-8"?>
<!-- Generated by org.testng.reporters.JUnitReportReporter -->
<testsuite hostname="Kishore" failures="0" tests="2" name="p1.Test1" time="3.994" errors="0" timestamp="2023-08-16T13:54:17 IST" skipped="0">
  <testcase classname="p1.Test1" name="setUp" time="2.847"/>
  <system-out/>
  <testcase classname="p1.Test1" name="openUrl" time="1.147"/>
  <system-out/>
</testsuite> <!-- p1.Test1 -->
